<?xml version="1.0" encoding="UTF-8"?>
<testsuite xmlns:xsi="http://www.w3.org/2001/XMLSchema-instance" xsi:noNamespaceSchemaLocation="https://maven.apache.org/surefire/maven-surefire-plugin/xsd/surefire-test-report-3.0.xsd" version="3.0" name="com.aston.kafka.KafkaApplicationTests" time="1.918" tests="1" errors="0" skipped="0" failures="0">
  <properties>
    <property name="java.specification.version" value="22"/>
    <property name="sun.jnu.encoding" value="UTF-8"/>
    <property name="java.class.path" value="/Users/Nikolai/IdeaProjects/kafka-message-service/target/test-classes:/Users/Nikolai/IdeaProjects/kafka-message-service/target/classes:/Users/Nikolai/.m2/repository/org/springframework/boot/spring-boot-starter-web/3.2.5/spring-boot-starter-web-3.2.5.jar:/Users/Nikolai/.m2/repository/org/springframework/boot/spring-boot-starter/3.2.5/spring-boot-starter-3.2.5.jar:/Users/Nikolai/.m2/repository/org/springframework/boot/spring-boot/3.2.5/spring-boot-3.2.5.jar:/Users/Nikolai/.m2/repository/org/springframework/boot/spring-boot-autoconfigure/3.2.5/spring-boot-autoconfigure-3.2.5.jar:/Users/Nikolai/.m2/repository/org/springframework/boot/spring-boot-starter-logging/3.2.5/spring-boot-starter-logging-3.2.5.jar:/Users/Nikolai/.m2/repository/org/apache/logging/log4j/log4j-to-slf4j/2.21.1/log4j-to-slf4j-2.21.1.jar:/Users/Nikolai/.m2/repository/org/apache/logging/log4j/log4j-api/2.21.1/log4j-api-2.21.1.jar:/Users/Nikolai/.m2/repository/org/slf4j/jul-to-slf4j/2.0.13/jul-to-slf4j-2.0.13.jar:/Users/Nikolai/.m2/repository/jakarta/annotation/jakarta.annotation-api/2.1.1/jakarta.annotation-api-2.1.1.jar:/Users/Nikolai/.m2/repository/org/yaml/snakeyaml/2.2/snakeyaml-2.2.jar:/Users/Nikolai/.m2/repository/org/springframework/boot/spring-boot-starter-json/3.2.5/spring-boot-starter-json-3.2.5.jar:/Users/Nikolai/.m2/repository/com/fasterxml/jackson/core/jackson-databind/2.15.4/jackson-databind-2.15.4.jar:/Users/Nikolai/.m2/repository/com/fasterxml/jackson/core/jackson-annotations/2.15.4/jackson-annotations-2.15.4.jar:/Users/Nikolai/.m2/repository/com/fasterxml/jackson/core/jackson-core/2.15.4/jackson-core-2.15.4.jar:/Users/Nikolai/.m2/repository/com/fasterxml/jackson/datatype/jackson-datatype-jdk8/2.15.4/jackson-datatype-jdk8-2.15.4.jar:/Users/Nikolai/.m2/repository/com/fasterxml/jackson/datatype/jackson-datatype-jsr310/2.15.4/jackson-datatype-jsr310-2.15.4.jar:/Users/Nikolai/.m2/repository/com/fasterxml/jackson/module/jackson-module-parameter-names/2.15.4/jackson-module-parameter-names-2.15.4.jar:/Users/Nikolai/.m2/repository/org/springframework/boot/spring-boot-starter-tomcat/3.2.5/spring-boot-starter-tomcat-3.2.5.jar:/Users/Nikolai/.m2/repository/org/apache/tomcat/embed/tomcat-embed-core/10.1.20/tomcat-embed-core-10.1.20.jar:/Users/Nikolai/.m2/repository/org/apache/tomcat/embed/tomcat-embed-el/10.1.20/tomcat-embed-el-10.1.20.jar:/Users/Nikolai/.m2/repository/org/apache/tomcat/embed/tomcat-embed-websocket/10.1.20/tomcat-embed-websocket-10.1.20.jar:/Users/Nikolai/.m2/repository/org/springframework/spring-web/6.1.6/spring-web-6.1.6.jar:/Users/Nikolai/.m2/repository/org/springframework/spring-beans/6.1.6/spring-beans-6.1.6.jar:/Users/Nikolai/.m2/repository/org/springframework/spring-webmvc/6.1.6/spring-webmvc-6.1.6.jar:/Users/Nikolai/.m2/repository/org/springframework/spring-aop/6.1.6/spring-aop-6.1.6.jar:/Users/Nikolai/.m2/repository/org/springframework/spring-expression/6.1.6/spring-expression-6.1.6.jar:/Users/Nikolai/.m2/repository/org/springframework/kafka/spring-kafka/3.1.4/spring-kafka-3.1.4.jar:/Users/Nikolai/.m2/repository/org/springframework/spring-context/6.1.6/spring-context-6.1.6.jar:/Users/Nikolai/.m2/repository/org/springframework/spring-messaging/6.1.6/spring-messaging-6.1.6.jar:/Users/Nikolai/.m2/repository/org/springframework/spring-tx/6.1.6/spring-tx-6.1.6.jar:/Users/Nikolai/.m2/repository/org/springframework/retry/spring-retry/2.0.5/spring-retry-2.0.5.jar:/Users/Nikolai/.m2/repository/org/apache/kafka/kafka-clients/3.6.2/kafka-clients-3.6.2.jar:/Users/Nikolai/.m2/repository/com/github/luben/zstd-jni/1.5.5-1/zstd-jni-1.5.5-1.jar:/Users/Nikolai/.m2/repository/org/lz4/lz4-java/1.8.0/lz4-java-1.8.0.jar:/Users/Nikolai/.m2/repository/org/xerial/snappy/snappy-java/1.1.10.5/snappy-java-1.1.10.5.jar:/Users/Nikolai/.m2/repository/org/slf4j/slf4j-api/2.0.13/slf4j-api-2.0.13.jar:/Users/Nikolai/.m2/repository/io/micrometer/micrometer-observation/1.12.5/micrometer-observation-1.12.5.jar:/Users/Nikolai/.m2/repository/io/micrometer/micrometer-commons/1.12.5/micrometer-commons-1.12.5.jar:/Users/Nikolai/.m2/repository/com/google/code/findbugs/jsr305/3.0.2/jsr305-3.0.2.jar:/Users/Nikolai/.m2/repository/org/projectlombok/lombok/1.18.32/lombok-1.18.32.jar:/Users/Nikolai/.m2/repository/org/springframework/boot/spring-boot-starter-test/3.2.5/spring-boot-starter-test-3.2.5.jar:/Users/Nikolai/.m2/repository/org/springframework/boot/spring-boot-test/3.2.5/spring-boot-test-3.2.5.jar:/Users/Nikolai/.m2/repository/org/springframework/boot/spring-boot-test-autoconfigure/3.2.5/spring-boot-test-autoconfigure-3.2.5.jar:/Users/Nikolai/.m2/repository/com/jayway/jsonpath/json-path/2.9.0/json-path-2.9.0.jar:/Users/Nikolai/.m2/repository/jakarta/xml/bind/jakarta.xml.bind-api/4.0.2/jakarta.xml.bind-api-4.0.2.jar:/Users/Nikolai/.m2/repository/jakarta/activation/jakarta.activation-api/2.1.3/jakarta.activation-api-2.1.3.jar:/Users/Nikolai/.m2/repository/net/minidev/json-smart/2.5.1/json-smart-2.5.1.jar:/Users/Nikolai/.m2/repository/net/minidev/accessors-smart/2.5.1/accessors-smart-2.5.1.jar:/Users/Nikolai/.m2/repository/org/ow2/asm/asm/9.6/asm-9.6.jar:/Users/Nikolai/.m2/repository/org/assertj/assertj-core/3.24.2/assertj-core-3.24.2.jar:/Users/Nikolai/.m2/repository/net/bytebuddy/byte-buddy/1.14.13/byte-buddy-1.14.13.jar:/Users/Nikolai/.m2/repository/org/awaitility/awaitility/4.2.1/awaitility-4.2.1.jar:/Users/Nikolai/.m2/repository/org/hamcrest/hamcrest/2.2/hamcrest-2.2.jar:/Users/Nikolai/.m2/repository/org/junit/jupiter/junit-jupiter/5.10.2/junit-jupiter-5.10.2.jar:/Users/Nikolai/.m2/repository/org/junit/jupiter/junit-jupiter-params/5.10.2/junit-jupiter-params-5.10.2.jar:/Users/Nikolai/.m2/repository/org/junit/jupiter/junit-jupiter-engine/5.10.2/junit-jupiter-engine-5.10.2.jar:/Users/Nikolai/.m2/repository/org/mockito/mockito-core/5.7.0/mockito-core-5.7.0.jar:/Users/Nikolai/.m2/repository/net/bytebuddy/byte-buddy-agent/1.14.13/byte-buddy-agent-1.14.13.jar:/Users/Nikolai/.m2/repository/org/objenesis/objenesis/3.3/objenesis-3.3.jar:/Users/Nikolai/.m2/repository/org/mockito/mockito-junit-jupiter/5.7.0/mockito-junit-jupiter-5.7.0.jar:/Users/Nikolai/.m2/repository/org/skyscreamer/jsonassert/1.5.1/jsonassert-1.5.1.jar:/Users/Nikolai/.m2/repository/com/vaadin/external/google/android-json/0.0.20131108.vaadin1/android-json-0.0.20131108.vaadin1.jar:/Users/Nikolai/.m2/repository/org/springframework/spring-core/6.1.6/spring-core-6.1.6.jar:/Users/Nikolai/.m2/repository/org/springframework/spring-jcl/6.1.6/spring-jcl-6.1.6.jar:/Users/Nikolai/.m2/repository/org/springframework/spring-test/6.1.6/spring-test-6.1.6.jar:/Users/Nikolai/.m2/repository/org/xmlunit/xmlunit-core/2.9.1/xmlunit-core-2.9.1.jar:/Users/Nikolai/.m2/repository/org/springframework/kafka/spring-kafka-test/3.1.4/spring-kafka-test-3.1.4.jar:/Users/Nikolai/.m2/repository/org/apache/zookeeper/zookeeper/3.8.4/zookeeper-3.8.4.jar:/Users/Nikolai/.m2/repository/org/apache/zookeeper/zookeeper-jute/3.8.4/zookeeper-jute-3.8.4.jar:/Users/Nikolai/.m2/repository/org/apache/yetus/audience-annotations/0.12.0/audience-annotations-0.12.0.jar:/Users/Nikolai/.m2/repository/io/netty/netty-handler/4.1.109.Final/netty-handler-4.1.109.Final.jar:/Users/Nikolai/.m2/repository/io/netty/netty-common/4.1.109.Final/netty-common-4.1.109.Final.jar:/Users/Nikolai/.m2/repository/io/netty/netty-resolver/4.1.109.Final/netty-resolver-4.1.109.Final.jar:/Users/Nikolai/.m2/repository/io/netty/netty-buffer/4.1.109.Final/netty-buffer-4.1.109.Final.jar:/Users/Nikolai/.m2/repository/io/netty/netty-transport/4.1.109.Final/netty-transport-4.1.109.Final.jar:/Users/Nikolai/.m2/repository/io/netty/netty-transport-native-unix-common/4.1.109.Final/netty-transport-native-unix-common-4.1.109.Final.jar:/Users/Nikolai/.m2/repository/io/netty/netty-codec/4.1.109.Final/netty-codec-4.1.109.Final.jar:/Users/Nikolai/.m2/repository/io/netty/netty-transport-native-epoll/4.1.109.Final/netty-transport-native-epoll-4.1.109.Final.jar:/Users/Nikolai/.m2/repository/io/netty/netty-transport-classes-epoll/4.1.109.Final/netty-transport-classes-epoll-4.1.109.Final.jar:/Users/Nikolai/.m2/repository/ch/qos/logback/logback-core/1.4.14/logback-core-1.4.14.jar:/Users/Nikolai/.m2/repository/ch/qos/logback/logback-classic/1.4.14/logback-classic-1.4.14.jar:/Users/Nikolai/.m2/repository/commons-io/commons-io/2.11.0/commons-io-2.11.0.jar:/Users/Nikolai/.m2/repository/org/apache/kafka/kafka-clients/3.6.2/kafka-clients-3.6.2-test.jar:/Users/Nikolai/.m2/repository/org/apache/kafka/kafka-metadata/3.6.2/kafka-metadata-3.6.2.jar:/Users/Nikolai/.m2/repository/org/apache/kafka/kafka-raft/3.6.2/kafka-raft-3.6.2.jar:/Users/Nikolai/.m2/repository/com/yammer/metrics/metrics-core/2.2.0/metrics-core-2.2.0.jar:/Users/Nikolai/.m2/repository/org/apache/kafka/kafka-server-common/3.6.2/kafka-server-common-3.6.2.jar:/Users/Nikolai/.m2/repository/net/sf/jopt-simple/jopt-simple/5.0.4/jopt-simple-5.0.4.jar:/Users/Nikolai/.m2/repository/org/pcollections/pcollections/4.0.1/pcollections-4.0.1.jar:/Users/Nikolai/.m2/repository/org/apache/kafka/kafka-server-common/3.6.2/kafka-server-common-3.6.2-test.jar:/Users/Nikolai/.m2/repository/org/apache/kafka/kafka-streams-test-utils/3.6.2/kafka-streams-test-utils-3.6.2.jar:/Users/Nikolai/.m2/repository/org/apache/kafka/kafka-streams/3.6.2/kafka-streams-3.6.2.jar:/Users/Nikolai/.m2/repository/org/rocksdb/rocksdbjni/7.9.2/rocksdbjni-7.9.2.jar:/Users/Nikolai/.m2/repository/org/apache/kafka/kafka_2.13/3.6.2/kafka_2.13-3.6.2.jar:/Users/Nikolai/.m2/repository/org/scala-lang/scala-library/2.13.11/scala-library-2.13.11.jar:/Users/Nikolai/.m2/repository/org/apache/kafka/kafka-group-coordinator/3.6.2/kafka-group-coordinator-3.6.2.jar:/Users/Nikolai/.m2/repository/org/apache/kafka/kafka-storage-api/3.6.2/kafka-storage-api-3.6.2.jar:/Users/Nikolai/.m2/repository/org/apache/kafka/kafka-tools-api/3.6.2/kafka-tools-api-3.6.2.jar:/Users/Nikolai/.m2/repository/org/apache/kafka/kafka-storage/3.6.2/kafka-storage-3.6.2.jar:/Users/Nikolai/.m2/repository/com/github/ben-manes/caffeine/caffeine/3.1.8/caffeine-3.1.8.jar:/Users/Nikolai/.m2/repository/org/checkerframework/checker-qual/3.37.0/checker-qual-3.37.0.jar:/Users/Nikolai/.m2/repository/com/google/errorprone/error_prone_annotations/2.21.1/error_prone_annotations-2.21.1.jar:/Users/Nikolai/.m2/repository/net/sourceforge/argparse4j/argparse4j/0.7.0/argparse4j-0.7.0.jar:/Users/Nikolai/.m2/repository/commons-validator/commons-validator/1.7/commons-validator-1.7.jar:/Users/Nikolai/.m2/repository/commons-beanutils/commons-beanutils/1.9.4/commons-beanutils-1.9.4.jar:/Users/Nikolai/.m2/repository/commons-digester/commons-digester/2.1/commons-digester-2.1.jar:/Users/Nikolai/.m2/repository/commons-collections/commons-collections/3.2.2/commons-collections-3.2.2.jar:/Users/Nikolai/.m2/repository/com/fasterxml/jackson/module/jackson-module-scala_2.13/2.15.4/jackson-module-scala_2.13-2.15.4.jar:/Users/Nikolai/.m2/repository/com/thoughtworks/paranamer/paranamer/2.8/paranamer-2.8.jar:/Users/Nikolai/.m2/repository/com/fasterxml/jackson/dataformat/jackson-dataformat-csv/2.15.4/jackson-dataformat-csv-2.15.4.jar:/Users/Nikolai/.m2/repository/org/bitbucket/b_c/jose4j/0.9.4/jose4j-0.9.4.jar:/Users/Nikolai/.m2/repository/org/scala-lang/modules/scala-collection-compat_2.13/2.10.0/scala-collection-compat_2.13-2.10.0.jar:/Users/Nikolai/.m2/repository/org/scala-lang/modules/scala-java8-compat_2.13/1.0.2/scala-java8-compat_2.13-1.0.2.jar:/Users/Nikolai/.m2/repository/org/scala-lang/scala-reflect/2.13.11/scala-reflect-2.13.11.jar:/Users/Nikolai/.m2/repository/com/typesafe/scala-logging/scala-logging_2.13/3.9.4/scala-logging_2.13-3.9.4.jar:/Users/Nikolai/.m2/repository/io/dropwizard/metrics/metrics-core/4.2.25/metrics-core-4.2.25.jar:/Users/Nikolai/.m2/repository/commons-cli/commons-cli/1.4/commons-cli-1.4.jar:/Users/Nikolai/.m2/repository/org/apache/kafka/kafka_2.13/3.6.2/kafka_2.13-3.6.2-test.jar:/Users/Nikolai/.m2/repository/org/junit/jupiter/junit-jupiter-api/5.10.2/junit-jupiter-api-5.10.2.jar:/Users/Nikolai/.m2/repository/org/opentest4j/opentest4j/1.3.0/opentest4j-1.3.0.jar:/Users/Nikolai/.m2/repository/org/junit/platform/junit-platform-commons/1.10.2/junit-platform-commons-1.10.2.jar:/Users/Nikolai/.m2/repository/org/apiguardian/apiguardian-api/1.1.2/apiguardian-api-1.1.2.jar:/Users/Nikolai/.m2/repository/org/junit/platform/junit-platform-launcher/1.10.2/junit-platform-launcher-1.10.2.jar:/Users/Nikolai/.m2/repository/org/junit/platform/junit-platform-engine/1.10.2/junit-platform-engine-1.10.2.jar:"/>
    <property name="java.vm.vendor" value="Oracle Corporation"/>
    <property name="sun.arch.data.model" value="64"/>
    <property name="java.vendor.url" value="https://java.oracle.com/"/>
    <property name="user.timezone" value="Asia/Yekaterinburg"/>
    <property name="os.name" value="Mac OS X"/>
    <property name="java.vm.specification.version" value="22"/>
    <property name="sun.java.launcher" value="SUN_STANDARD"/>
    <property name="user.country" value="RU"/>
    <property name="sun.boot.library.path" value="/Users/Nikolai/Library/Java/JavaVirtualMachines/openjdk-22/Contents/Home/lib"/>
    <property name="sun.java.command" value="/Users/Nikolai/IdeaProjects/kafka-message-service/target/surefire/surefirebooter-20240511140438876_3.jar /Users/Nikolai/IdeaProjects/kafka-message-service/target/surefire 2024-05-11T14-04-38_804-jvmRun1 surefire-20240511140438876_1tmp surefire_0-20240511140438876_2tmp"/>
    <property name="http.nonProxyHosts" value="local|*.local|169.254/16|*.169.254/16"/>
    <property name="jdk.debug" value="release"/>
    <property name="surefire.test.class.path" value="/Users/Nikolai/IdeaProjects/kafka-message-service/target/test-classes:/Users/Nikolai/IdeaProjects/kafka-message-service/target/classes:/Users/Nikolai/.m2/repository/org/springframework/boot/spring-boot-starter-web/3.2.5/spring-boot-starter-web-3.2.5.jar:/Users/Nikolai/.m2/repository/org/springframework/boot/spring-boot-starter/3.2.5/spring-boot-starter-3.2.5.jar:/Users/Nikolai/.m2/repository/org/springframework/boot/spring-boot/3.2.5/spring-boot-3.2.5.jar:/Users/Nikolai/.m2/repository/org/springframework/boot/spring-boot-autoconfigure/3.2.5/spring-boot-autoconfigure-3.2.5.jar:/Users/Nikolai/.m2/repository/org/springframework/boot/spring-boot-starter-logging/3.2.5/spring-boot-starter-logging-3.2.5.jar:/Users/Nikolai/.m2/repository/org/apache/logging/log4j/log4j-to-slf4j/2.21.1/log4j-to-slf4j-2.21.1.jar:/Users/Nikolai/.m2/repository/org/apache/logging/log4j/log4j-api/2.21.1/log4j-api-2.21.1.jar:/Users/Nikolai/.m2/repository/org/slf4j/jul-to-slf4j/2.0.13/jul-to-slf4j-2.0.13.jar:/Users/Nikolai/.m2/repository/jakarta/annotation/jakarta.annotation-api/2.1.1/jakarta.annotation-api-2.1.1.jar:/Users/Nikolai/.m2/repository/org/yaml/snakeyaml/2.2/snakeyaml-2.2.jar:/Users/Nikolai/.m2/repository/org/springframework/boot/spring-boot-starter-json/3.2.5/spring-boot-starter-json-3.2.5.jar:/Users/Nikolai/.m2/repository/com/fasterxml/jackson/core/jackson-databind/2.15.4/jackson-databind-2.15.4.jar:/Users/Nikolai/.m2/repository/com/fasterxml/jackson/core/jackson-annotations/2.15.4/jackson-annotations-2.15.4.jar:/Users/Nikolai/.m2/repository/com/fasterxml/jackson/core/jackson-core/2.15.4/jackson-core-2.15.4.jar:/Users/Nikolai/.m2/repository/com/fasterxml/jackson/datatype/jackson-datatype-jdk8/2.15.4/jackson-datatype-jdk8-2.15.4.jar:/Users/Nikolai/.m2/repository/com/fasterxml/jackson/datatype/jackson-datatype-jsr310/2.15.4/jackson-datatype-jsr310-2.15.4.jar:/Users/Nikolai/.m2/repository/com/fasterxml/jackson/module/jackson-module-parameter-names/2.15.4/jackson-module-parameter-names-2.15.4.jar:/Users/Nikolai/.m2/repository/org/springframework/boot/spring-boot-starter-tomcat/3.2.5/spring-boot-starter-tomcat-3.2.5.jar:/Users/Nikolai/.m2/repository/org/apache/tomcat/embed/tomcat-embed-core/10.1.20/tomcat-embed-core-10.1.20.jar:/Users/Nikolai/.m2/repository/org/apache/tomcat/embed/tomcat-embed-el/10.1.20/tomcat-embed-el-10.1.20.jar:/Users/Nikolai/.m2/repository/org/apache/tomcat/embed/tomcat-embed-websocket/10.1.20/tomcat-embed-websocket-10.1.20.jar:/Users/Nikolai/.m2/repository/org/springframework/spring-web/6.1.6/spring-web-6.1.6.jar:/Users/Nikolai/.m2/repository/org/springframework/spring-beans/6.1.6/spring-beans-6.1.6.jar:/Users/Nikolai/.m2/repository/org/springframework/spring-webmvc/6.1.6/spring-webmvc-6.1.6.jar:/Users/Nikolai/.m2/repository/org/springframework/spring-aop/6.1.6/spring-aop-6.1.6.jar:/Users/Nikolai/.m2/repository/org/springframework/spring-expression/6.1.6/spring-expression-6.1.6.jar:/Users/Nikolai/.m2/repository/org/springframework/kafka/spring-kafka/3.1.4/spring-kafka-3.1.4.jar:/Users/Nikolai/.m2/repository/org/springframework/spring-context/6.1.6/spring-context-6.1.6.jar:/Users/Nikolai/.m2/repository/org/springframework/spring-messaging/6.1.6/spring-messaging-6.1.6.jar:/Users/Nikolai/.m2/repository/org/springframework/spring-tx/6.1.6/spring-tx-6.1.6.jar:/Users/Nikolai/.m2/repository/org/springframework/retry/spring-retry/2.0.5/spring-retry-2.0.5.jar:/Users/Nikolai/.m2/repository/org/apache/kafka/kafka-clients/3.6.2/kafka-clients-3.6.2.jar:/Users/Nikolai/.m2/repository/com/github/luben/zstd-jni/1.5.5-1/zstd-jni-1.5.5-1.jar:/Users/Nikolai/.m2/repository/org/lz4/lz4-java/1.8.0/lz4-java-1.8.0.jar:/Users/Nikolai/.m2/repository/org/xerial/snappy/snappy-java/1.1.10.5/snappy-java-1.1.10.5.jar:/Users/Nikolai/.m2/repository/org/slf4j/slf4j-api/2.0.13/slf4j-api-2.0.13.jar:/Users/Nikolai/.m2/repository/io/micrometer/micrometer-observation/1.12.5/micrometer-observation-1.12.5.jar:/Users/Nikolai/.m2/repository/io/micrometer/micrometer-commons/1.12.5/micrometer-commons-1.12.5.jar:/Users/Nikolai/.m2/repository/com/google/code/findbugs/jsr305/3.0.2/jsr305-3.0.2.jar:/Users/Nikolai/.m2/repository/org/projectlombok/lombok/1.18.32/lombok-1.18.32.jar:/Users/Nikolai/.m2/repository/org/springframework/boot/spring-boot-starter-test/3.2.5/spring-boot-starter-test-3.2.5.jar:/Users/Nikolai/.m2/repository/org/springframework/boot/spring-boot-test/3.2.5/spring-boot-test-3.2.5.jar:/Users/Nikolai/.m2/repository/org/springframework/boot/spring-boot-test-autoconfigure/3.2.5/spring-boot-test-autoconfigure-3.2.5.jar:/Users/Nikolai/.m2/repository/com/jayway/jsonpath/json-path/2.9.0/json-path-2.9.0.jar:/Users/Nikolai/.m2/repository/jakarta/xml/bind/jakarta.xml.bind-api/4.0.2/jakarta.xml.bind-api-4.0.2.jar:/Users/Nikolai/.m2/repository/jakarta/activation/jakarta.activation-api/2.1.3/jakarta.activation-api-2.1.3.jar:/Users/Nikolai/.m2/repository/net/minidev/json-smart/2.5.1/json-smart-2.5.1.jar:/Users/Nikolai/.m2/repository/net/minidev/accessors-smart/2.5.1/accessors-smart-2.5.1.jar:/Users/Nikolai/.m2/repository/org/ow2/asm/asm/9.6/asm-9.6.jar:/Users/Nikolai/.m2/repository/org/assertj/assertj-core/3.24.2/assertj-core-3.24.2.jar:/Users/Nikolai/.m2/repository/net/bytebuddy/byte-buddy/1.14.13/byte-buddy-1.14.13.jar:/Users/Nikolai/.m2/repository/org/awaitility/awaitility/4.2.1/awaitility-4.2.1.jar:/Users/Nikolai/.m2/repository/org/hamcrest/hamcrest/2.2/hamcrest-2.2.jar:/Users/Nikolai/.m2/repository/org/junit/jupiter/junit-jupiter/5.10.2/junit-jupiter-5.10.2.jar:/Users/Nikolai/.m2/repository/org/junit/jupiter/junit-jupiter-params/5.10.2/junit-jupiter-params-5.10.2.jar:/Users/Nikolai/.m2/repository/org/junit/jupiter/junit-jupiter-engine/5.10.2/junit-jupiter-engine-5.10.2.jar:/Users/Nikolai/.m2/repository/org/mockito/mockito-core/5.7.0/mockito-core-5.7.0.jar:/Users/Nikolai/.m2/repository/net/bytebuddy/byte-buddy-agent/1.14.13/byte-buddy-agent-1.14.13.jar:/Users/Nikolai/.m2/repository/org/objenesis/objenesis/3.3/objenesis-3.3.jar:/Users/Nikolai/.m2/repository/org/mockito/mockito-junit-jupiter/5.7.0/mockito-junit-jupiter-5.7.0.jar:/Users/Nikolai/.m2/repository/org/skyscreamer/jsonassert/1.5.1/jsonassert-1.5.1.jar:/Users/Nikolai/.m2/repository/com/vaadin/external/google/android-json/0.0.20131108.vaadin1/android-json-0.0.20131108.vaadin1.jar:/Users/Nikolai/.m2/repository/org/springframework/spring-core/6.1.6/spring-core-6.1.6.jar:/Users/Nikolai/.m2/repository/org/springframework/spring-jcl/6.1.6/spring-jcl-6.1.6.jar:/Users/Nikolai/.m2/repository/org/springframework/spring-test/6.1.6/spring-test-6.1.6.jar:/Users/Nikolai/.m2/repository/org/xmlunit/xmlunit-core/2.9.1/xmlunit-core-2.9.1.jar:/Users/Nikolai/.m2/repository/org/springframework/kafka/spring-kafka-test/3.1.4/spring-kafka-test-3.1.4.jar:/Users/Nikolai/.m2/repository/org/apache/zookeeper/zookeeper/3.8.4/zookeeper-3.8.4.jar:/Users/Nikolai/.m2/repository/org/apache/zookeeper/zookeeper-jute/3.8.4/zookeeper-jute-3.8.4.jar:/Users/Nikolai/.m2/repository/org/apache/yetus/audience-annotations/0.12.0/audience-annotations-0.12.0.jar:/Users/Nikolai/.m2/repository/io/netty/netty-handler/4.1.109.Final/netty-handler-4.1.109.Final.jar:/Users/Nikolai/.m2/repository/io/netty/netty-common/4.1.109.Final/netty-common-4.1.109.Final.jar:/Users/Nikolai/.m2/repository/io/netty/netty-resolver/4.1.109.Final/netty-resolver-4.1.109.Final.jar:/Users/Nikolai/.m2/repository/io/netty/netty-buffer/4.1.109.Final/netty-buffer-4.1.109.Final.jar:/Users/Nikolai/.m2/repository/io/netty/netty-transport/4.1.109.Final/netty-transport-4.1.109.Final.jar:/Users/Nikolai/.m2/repository/io/netty/netty-transport-native-unix-common/4.1.109.Final/netty-transport-native-unix-common-4.1.109.Final.jar:/Users/Nikolai/.m2/repository/io/netty/netty-codec/4.1.109.Final/netty-codec-4.1.109.Final.jar:/Users/Nikolai/.m2/repository/io/netty/netty-transport-native-epoll/4.1.109.Final/netty-transport-native-epoll-4.1.109.Final.jar:/Users/Nikolai/.m2/repository/io/netty/netty-transport-classes-epoll/4.1.109.Final/netty-transport-classes-epoll-4.1.109.Final.jar:/Users/Nikolai/.m2/repository/ch/qos/logback/logback-core/1.4.14/logback-core-1.4.14.jar:/Users/Nikolai/.m2/repository/ch/qos/logback/logback-classic/1.4.14/logback-classic-1.4.14.jar:/Users/Nikolai/.m2/repository/commons-io/commons-io/2.11.0/commons-io-2.11.0.jar:/Users/Nikolai/.m2/repository/org/apache/kafka/kafka-clients/3.6.2/kafka-clients-3.6.2-test.jar:/Users/Nikolai/.m2/repository/org/apache/kafka/kafka-metadata/3.6.2/kafka-metadata-3.6.2.jar:/Users/Nikolai/.m2/repository/org/apache/kafka/kafka-raft/3.6.2/kafka-raft-3.6.2.jar:/Users/Nikolai/.m2/repository/com/yammer/metrics/metrics-core/2.2.0/metrics-core-2.2.0.jar:/Users/Nikolai/.m2/repository/org/apache/kafka/kafka-server-common/3.6.2/kafka-server-common-3.6.2.jar:/Users/Nikolai/.m2/repository/net/sf/jopt-simple/jopt-simple/5.0.4/jopt-simple-5.0.4.jar:/Users/Nikolai/.m2/repository/org/pcollections/pcollections/4.0.1/pcollections-4.0.1.jar:/Users/Nikolai/.m2/repository/org/apache/kafka/kafka-server-common/3.6.2/kafka-server-common-3.6.2-test.jar:/Users/Nikolai/.m2/repository/org/apache/kafka/kafka-streams-test-utils/3.6.2/kafka-streams-test-utils-3.6.2.jar:/Users/Nikolai/.m2/repository/org/apache/kafka/kafka-streams/3.6.2/kafka-streams-3.6.2.jar:/Users/Nikolai/.m2/repository/org/rocksdb/rocksdbjni/7.9.2/rocksdbjni-7.9.2.jar:/Users/Nikolai/.m2/repository/org/apache/kafka/kafka_2.13/3.6.2/kafka_2.13-3.6.2.jar:/Users/Nikolai/.m2/repository/org/scala-lang/scala-library/2.13.11/scala-library-2.13.11.jar:/Users/Nikolai/.m2/repository/org/apache/kafka/kafka-group-coordinator/3.6.2/kafka-group-coordinator-3.6.2.jar:/Users/Nikolai/.m2/repository/org/apache/kafka/kafka-storage-api/3.6.2/kafka-storage-api-3.6.2.jar:/Users/Nikolai/.m2/repository/org/apache/kafka/kafka-tools-api/3.6.2/kafka-tools-api-3.6.2.jar:/Users/Nikolai/.m2/repository/org/apache/kafka/kafka-storage/3.6.2/kafka-storage-3.6.2.jar:/Users/Nikolai/.m2/repository/com/github/ben-manes/caffeine/caffeine/3.1.8/caffeine-3.1.8.jar:/Users/Nikolai/.m2/repository/org/checkerframework/checker-qual/3.37.0/checker-qual-3.37.0.jar:/Users/Nikolai/.m2/repository/com/google/errorprone/error_prone_annotations/2.21.1/error_prone_annotations-2.21.1.jar:/Users/Nikolai/.m2/repository/net/sourceforge/argparse4j/argparse4j/0.7.0/argparse4j-0.7.0.jar:/Users/Nikolai/.m2/repository/commons-validator/commons-validator/1.7/commons-validator-1.7.jar:/Users/Nikolai/.m2/repository/commons-beanutils/commons-beanutils/1.9.4/commons-beanutils-1.9.4.jar:/Users/Nikolai/.m2/repository/commons-digester/commons-digester/2.1/commons-digester-2.1.jar:/Users/Nikolai/.m2/repository/commons-collections/commons-collections/3.2.2/commons-collections-3.2.2.jar:/Users/Nikolai/.m2/repository/com/fasterxml/jackson/module/jackson-module-scala_2.13/2.15.4/jackson-module-scala_2.13-2.15.4.jar:/Users/Nikolai/.m2/repository/com/thoughtworks/paranamer/paranamer/2.8/paranamer-2.8.jar:/Users/Nikolai/.m2/repository/com/fasterxml/jackson/dataformat/jackson-dataformat-csv/2.15.4/jackson-dataformat-csv-2.15.4.jar:/Users/Nikolai/.m2/repository/org/bitbucket/b_c/jose4j/0.9.4/jose4j-0.9.4.jar:/Users/Nikolai/.m2/repository/org/scala-lang/modules/scala-collection-compat_2.13/2.10.0/scala-collection-compat_2.13-2.10.0.jar:/Users/Nikolai/.m2/repository/org/scala-lang/modules/scala-java8-compat_2.13/1.0.2/scala-java8-compat_2.13-1.0.2.jar:/Users/Nikolai/.m2/repository/org/scala-lang/scala-reflect/2.13.11/scala-reflect-2.13.11.jar:/Users/Nikolai/.m2/repository/com/typesafe/scala-logging/scala-logging_2.13/3.9.4/scala-logging_2.13-3.9.4.jar:/Users/Nikolai/.m2/repository/io/dropwizard/metrics/metrics-core/4.2.25/metrics-core-4.2.25.jar:/Users/Nikolai/.m2/repository/commons-cli/commons-cli/1.4/commons-cli-1.4.jar:/Users/Nikolai/.m2/repository/org/apache/kafka/kafka_2.13/3.6.2/kafka_2.13-3.6.2-test.jar:/Users/Nikolai/.m2/repository/org/junit/jupiter/junit-jupiter-api/5.10.2/junit-jupiter-api-5.10.2.jar:/Users/Nikolai/.m2/repository/org/opentest4j/opentest4j/1.3.0/opentest4j-1.3.0.jar:/Users/Nikolai/.m2/repository/org/junit/platform/junit-platform-commons/1.10.2/junit-platform-commons-1.10.2.jar:/Users/Nikolai/.m2/repository/org/apiguardian/apiguardian-api/1.1.2/apiguardian-api-1.1.2.jar:/Users/Nikolai/.m2/repository/org/junit/platform/junit-platform-launcher/1.10.2/junit-platform-launcher-1.10.2.jar:/Users/Nikolai/.m2/repository/org/junit/platform/junit-platform-engine/1.10.2/junit-platform-engine-1.10.2.jar:"/>
    <property name="sun.cpu.endian" value="little"/>
    <property name="user.home" value="/Users/Nikolai"/>
    <property name="user.language" value="ru"/>
    <property name="java.specification.vendor" value="Oracle Corporation"/>
    <property name="java.version.date" value="2024-03-19"/>
    <property name="java.home" value="/Users/Nikolai/Library/Java/JavaVirtualMachines/openjdk-22/Contents/Home"/>
    <property name="file.separator" value="/"/>
    <property name="basedir" value="/Users/Nikolai/IdeaProjects/kafka-message-service"/>
    <property name="java.vm.compressedOopsMode" value="Zero based"/>
    <property name="line.separator" value="&#10;"/>
    <property name="java.vm.specification.vendor" value="Oracle Corporation"/>
    <property name="java.specification.name" value="Java Platform API Specification"/>
    <property name="FILE_LOG_CHARSET" value="UTF-8"/>
    <property name="java.awt.headless" value="true"/>
    <property name="apple.awt.application.name" value="ForkedBooter"/>
    <property name="surefire.real.class.path" value="/Users/Nikolai/IdeaProjects/kafka-message-service/target/surefire/surefirebooter-20240511140438876_3.jar"/>
    <property name="sun.management.compiler" value="HotSpot 64-Bit Tiered Compilers"/>
    <property name="ftp.nonProxyHosts" value="local|*.local|169.254/16|*.169.254/16"/>
    <property name="java.runtime.version" value="22+36-2370"/>
    <property name="user.name" value="Nikolai"/>
    <property name="stdout.encoding" value="UTF-8"/>
    <property name="path.separator" value=":"/>
    <property name="os.version" value="13.4.1"/>
    <property name="java.runtime.name" value="OpenJDK Runtime Environment"/>
    <property name="file.encoding" value="UTF-8"/>
    <property name="java.vm.name" value="OpenJDK 64-Bit Server VM"/>
    <property name="localRepository" value="/Users/Nikolai/.m2/repository"/>
    <property name="java.vendor.url.bug" value="https://bugreport.java.com/bugreport/"/>
    <property name="java.io.tmpdir" value="/var/folders/l2/xx_t6_m950q1ypgf8p0c616r0000gp/T/"/>
    <property name="idea.version" value="2023.3.6"/>
    <property name="java.version" value="22"/>
    <property name="user.dir" value="/Users/Nikolai/IdeaProjects/kafka-message-service"/>
    <property name="os.arch" value="aarch64"/>
    <property name="java.vm.specification.name" value="Java Virtual Machine Specification"/>
    <property name="PID" value="93405"/>
    <property name="CONSOLE_LOG_CHARSET" value="UTF-8"/>
    <property name="native.encoding" value="UTF-8"/>
    <property name="java.library.path" value="/Users/Nikolai/Library/Java/Extensions:/Library/Java/Extensions:/Network/Library/Java/Extensions:/System/Library/Java/Extensions:/usr/lib/java:."/>
    <property name="java.vm.info" value="mixed mode, sharing"/>
    <property name="stderr.encoding" value="UTF-8"/>
    <property name="java.vendor" value="Oracle Corporation"/>
    <property name="java.vm.version" value="22+36-2370"/>
    <property name="sun.io.unicode.encoding" value="UnicodeBig"/>
    <property name="socksNonProxyHosts" value="local|*.local|169.254/16|*.169.254/16"/>
    <property name="java.class.version" value="66.0"/>
  </properties>
  <testcase name="contextLoads" classname="com.aston.kafka.KafkaApplicationTests" time="0.53">
    <system-out><![CDATA[14:04:39.374 [main] INFO org.springframework.test.context.support.AnnotationConfigContextLoaderUtils -- Could not detect default configuration classes for test class [com.aston.kafka.KafkaApplicationTests]: KafkaApplicationTests does not declare any static, non-private, non-final, nested classes annotated with @Configuration.
14:04:39.433 [main] INFO org.springframework.boot.test.context.SpringBootTestContextBootstrapper -- Found @SpringBootConfiguration com.aston.kafka.KafkaApplication for test class com.aston.kafka.KafkaApplicationTests

  .   ____          _            __ _ _
 /\\ / ___'_ __ _ _(_)_ __  __ _ \ \ \ \
( ( )\___ | '_ | '_| | '_ \/ _` | \ \ \ \
 \\/  ___)| |_)| | | | | || (_| |  ) ) ) )
  '  |____| .__|_| |_|_| |_\__, | / / / /
 =========|_|==============|___/=/_/_/_/
&amp#27;[32m :: Spring Boot :: &amp#27;[39m              &amp#27;[2m (v3.2.5)&amp#27;[0;39m

&amp#27;[2m2024-05-11T14:04:39.769+05:00&amp#27;[0;39m &amp#27;[32m INFO&amp#27;[0;39m &amp#27;[35m93405&amp#27;[0;39m &amp#27;[2m---&amp#27;[0;39m &amp#27;[2m[           main]&amp#27;[0;39m &amp#27;[2m&amp#27;[0;39m&amp#27;[36mcom.aston.kafka.KafkaApplicationTests   &amp#27;[0;39m &amp#27;[2m:&amp#27;[0;39m Starting KafkaApplicationTests using Java 22 with PID 93405 (started by Nikolai in /Users/Nikolai/IdeaProjects/kafka-message-service)
&amp#27;[2m2024-05-11T14:04:39.769+05:00&amp#27;[0;39m &amp#27;[32m INFO&amp#27;[0;39m &amp#27;[35m93405&amp#27;[0;39m &amp#27;[2m---&amp#27;[0;39m &amp#27;[2m[           main]&amp#27;[0;39m &amp#27;[2m&amp#27;[0;39m&amp#27;[36mcom.aston.kafka.KafkaApplicationTests   &amp#27;[0;39m &amp#27;[2m:&amp#27;[0;39m No active profile set, falling back to 1 default profile: "default"
&amp#27;[2m2024-05-11T14:04:40.552+05:00&amp#27;[0;39m &amp#27;[32m INFO&amp#27;[0;39m &amp#27;[35m93405&amp#27;[0;39m &amp#27;[2m---&amp#27;[0;39m &amp#27;[2m[           main]&amp#27;[0;39m &amp#27;[2m&amp#27;[0;39m&amp#27;[36mo.a.k.clients.consumer.ConsumerConfig   &amp#27;[0;39m &amp#27;[2m:&amp#27;[0;39m ConsumerConfig values: 
	allow.auto.create.topics = true
	auto.commit.interval.ms = 5000
	auto.include.jmx.reporter = true
	auto.offset.reset = latest
	bootstrap.servers = [localhost:9092]
	check.crcs = true
	client.dns.lookup = use_all_dns_ips
	client.id = consumer-my_consumer-1
	client.rack = 
	connections.max.idle.ms = 540000
	default.api.timeout.ms = 60000
	enable.auto.commit = false
	exclude.internal.topics = true
	fetch.max.bytes = 52428800
	fetch.max.wait.ms = 500
	fetch.min.bytes = 1
	group.id = my_consumer
	group.instance.id = null
	heartbeat.interval.ms = 3000
	interceptor.classes = []
	internal.leave.group.on.close = true
	internal.throw.on.fetch.stable.offset.unsupported = false
	isolation.level = read_uncommitted
	key.deserializer = class org.apache.kafka.common.serialization.StringDeserializer
	max.partition.fetch.bytes = 1048576
	max.poll.interval.ms = 300000
	max.poll.records = 500
	metadata.max.age.ms = 300000
	metric.reporters = []
	metrics.num.samples = 2
	metrics.recording.level = INFO
	metrics.sample.window.ms = 30000
	partition.assignment.strategy = [class org.apache.kafka.clients.consumer.RangeAssignor, class org.apache.kafka.clients.consumer.CooperativeStickyAssignor]
	receive.buffer.bytes = 65536
	reconnect.backoff.max.ms = 1000
	reconnect.backoff.ms = 50
	request.timeout.ms = 30000
	retry.backoff.ms = 100
	sasl.client.callback.handler.class = null
	sasl.jaas.config = null
	sasl.kerberos.kinit.cmd = /usr/bin/kinit
	sasl.kerberos.min.time.before.relogin = 60000
	sasl.kerberos.service.name = null
	sasl.kerberos.ticket.renew.jitter = 0.05
	sasl.kerberos.ticket.renew.window.factor = 0.8
	sasl.login.callback.handler.class = null
	sasl.login.class = null
	sasl.login.connect.timeout.ms = null
	sasl.login.read.timeout.ms = null
	sasl.login.refresh.buffer.seconds = 300
	sasl.login.refresh.min.period.seconds = 60
	sasl.login.refresh.window.factor = 0.8
	sasl.login.refresh.window.jitter = 0.05
	sasl.login.retry.backoff.max.ms = 10000
	sasl.login.retry.backoff.ms = 100
	sasl.mechanism = GSSAPI
	sasl.oauthbearer.clock.skew.seconds = 30
	sasl.oauthbearer.expected.audience = null
	sasl.oauthbearer.expected.issuer = null
	sasl.oauthbearer.jwks.endpoint.refresh.ms = 3600000
	sasl.oauthbearer.jwks.endpoint.retry.backoff.max.ms = 10000
	sasl.oauthbearer.jwks.endpoint.retry.backoff.ms = 100
	sasl.oauthbearer.jwks.endpoint.url = null
	sasl.oauthbearer.scope.claim.name = scope
	sasl.oauthbearer.sub.claim.name = sub
	sasl.oauthbearer.token.endpoint.url = null
	security.protocol = PLAINTEXT
	security.providers = null
	send.buffer.bytes = 131072
	session.timeout.ms = 45000
	socket.connection.setup.timeout.max.ms = 30000
	socket.connection.setup.timeout.ms = 10000
	ssl.cipher.suites = null
	ssl.enabled.protocols = [TLSv1.2, TLSv1.3]
	ssl.endpoint.identification.algorithm = https
	ssl.engine.factory.class = null
	ssl.key.password = null
	ssl.keymanager.algorithm = SunX509
	ssl.keystore.certificate.chain = null
	ssl.keystore.key = null
	ssl.keystore.location = null
	ssl.keystore.password = null
	ssl.keystore.type = JKS
	ssl.protocol = TLSv1.3
	ssl.provider = null
	ssl.secure.random.implementation = null
	ssl.trustmanager.algorithm = PKIX
	ssl.truststore.certificates = null
	ssl.truststore.location = null
	ssl.truststore.password = null
	ssl.truststore.type = JKS
	value.deserializer = class org.apache.kafka.common.serialization.StringDeserializer

&amp#27;[2m2024-05-11T14:04:40.687+05:00&amp#27;[0;39m &amp#27;[32m INFO&amp#27;[0;39m &amp#27;[35m93405&amp#27;[0;39m &amp#27;[2m---&amp#27;[0;39m &amp#27;[2m[           main]&amp#27;[0;39m &amp#27;[2m&amp#27;[0;39m&amp#27;[36mo.a.kafka.common.utils.AppInfoParser    &amp#27;[0;39m &amp#27;[2m:&amp#27;[0;39m Kafka version: 3.6.2
&amp#27;[2m2024-05-11T14:04:40.687+05:00&amp#27;[0;39m &amp#27;[32m INFO&amp#27;[0;39m &amp#27;[35m93405&amp#27;[0;39m &amp#27;[2m---&amp#27;[0;39m &amp#27;[2m[           main]&amp#27;[0;39m &amp#27;[2m&amp#27;[0;39m&amp#27;[36mo.a.kafka.common.utils.AppInfoParser    &amp#27;[0;39m &amp#27;[2m:&amp#27;[0;39m Kafka commitId: c4deed513057c94e
&amp#27;[2m2024-05-11T14:04:40.687+05:00&amp#27;[0;39m &amp#27;[32m INFO&amp#27;[0;39m &amp#27;[35m93405&amp#27;[0;39m &amp#27;[2m---&amp#27;[0;39m &amp#27;[2m[           main]&amp#27;[0;39m &amp#27;[2m&amp#27;[0;39m&amp#27;[36mo.a.kafka.common.utils.AppInfoParser    &amp#27;[0;39m &amp#27;[2m:&amp#27;[0;39m Kafka startTimeMs: 1715418280686
&amp#27;[2m2024-05-11T14:04:40.688+05:00&amp#27;[0;39m &amp#27;[32m INFO&amp#27;[0;39m &amp#27;[35m93405&amp#27;[0;39m &amp#27;[2m---&amp#27;[0;39m &amp#27;[2m[           main]&amp#27;[0;39m &amp#27;[2m&amp#27;[0;39m&amp#27;[36mfkaConsumerFactory$ExtendedKafkaConsumer&amp#27;[0;39m &amp#27;[2m:&amp#27;[0;39m [Consumer clientId=consumer-my_consumer-1, groupId=my_consumer] Subscribed to topic(s): test
&amp#27;[2m2024-05-11T14:04:40.706+05:00&amp#27;[0;39m &amp#27;[32m INFO&amp#27;[0;39m &amp#27;[35m93405&amp#27;[0;39m &amp#27;[2m---&amp#27;[0;39m &amp#27;[2m[           main]&amp#27;[0;39m &amp#27;[2m&amp#27;[0;39m&amp#27;[36mcom.aston.kafka.KafkaApplicationTests   &amp#27;[0;39m &amp#27;[2m:&amp#27;[0;39m Started KafkaApplicationTests in 1.157 seconds (process running for 1.781)
&amp#27;[2m2024-05-11T14:04:40.876+05:00&amp#27;[0;39m &amp#27;[32m INFO&amp#27;[0;39m &amp#27;[35m93405&amp#27;[0;39m &amp#27;[2m---&amp#27;[0;39m &amp#27;[2m[ntainer#0-0-C-1]&amp#27;[0;39m &amp#27;[2m&amp#27;[0;39m&amp#27;[36morg.apache.kafka.clients.Metadata       &amp#27;[0;39m &amp#27;[2m:&amp#27;[0;39m [Consumer clientId=consumer-my_consumer-1, groupId=my_consumer] Cluster ID: QteggpM2RR2gPxrPKCReUA
&amp#27;[2m2024-05-11T14:04:40.886+05:00&amp#27;[0;39m &amp#27;[32m INFO&amp#27;[0;39m &amp#27;[35m93405&amp#27;[0;39m &amp#27;[2m---&amp#27;[0;39m &amp#27;[2m[ntainer#0-0-C-1]&amp#27;[0;39m &amp#27;[2m&amp#27;[0;39m&amp#27;[36mo.a.k.c.c.internals.ConsumerCoordinator &amp#27;[0;39m &amp#27;[2m:&amp#27;[0;39m [Consumer clientId=consumer-my_consumer-1, groupId=my_consumer] Discovered group coordinator 192.168.0.5:9092 (id: 2147483647 rack: null)
&amp#27;[2m2024-05-11T14:04:40.887+05:00&amp#27;[0;39m &amp#27;[32m INFO&amp#27;[0;39m &amp#27;[35m93405&amp#27;[0;39m &amp#27;[2m---&amp#27;[0;39m &amp#27;[2m[ntainer#0-0-C-1]&amp#27;[0;39m &amp#27;[2m&amp#27;[0;39m&amp#27;[36mo.a.k.c.c.internals.ConsumerCoordinator &amp#27;[0;39m &amp#27;[2m:&amp#27;[0;39m [Consumer clientId=consumer-my_consumer-1, groupId=my_consumer] (Re-)joining group
&amp#27;[2m2024-05-11T14:04:40.906+05:00&amp#27;[0;39m &amp#27;[32m INFO&amp#27;[0;39m &amp#27;[35m93405&amp#27;[0;39m &amp#27;[2m---&amp#27;[0;39m &amp#27;[2m[ntainer#0-0-C-1]&amp#27;[0;39m &amp#27;[2m&amp#27;[0;39m&amp#27;[36mo.a.k.c.c.internals.ConsumerCoordinator &amp#27;[0;39m &amp#27;[2m:&amp#27;[0;39m [Consumer clientId=consumer-my_consumer-1, groupId=my_consumer] Request joining group due to: need to re-join with the given member-id: consumer-my_consumer-1-37fe66c3-1d4d-4f46-ba01-2858366c5256
&amp#27;[2m2024-05-11T14:04:40.907+05:00&amp#27;[0;39m &amp#27;[32m INFO&amp#27;[0;39m &amp#27;[35m93405&amp#27;[0;39m &amp#27;[2m---&amp#27;[0;39m &amp#27;[2m[ntainer#0-0-C-1]&amp#27;[0;39m &amp#27;[2m&amp#27;[0;39m&amp#27;[36mo.a.k.c.c.internals.ConsumerCoordinator &amp#27;[0;39m &amp#27;[2m:&amp#27;[0;39m [Consumer clientId=consumer-my_consumer-1, groupId=my_consumer] Request joining group due to: rebalance failed due to 'The group member needs to have a valid member id before actually entering a consumer group.' (MemberIdRequiredException)
&amp#27;[2m2024-05-11T14:04:40.907+05:00&amp#27;[0;39m &amp#27;[32m INFO&amp#27;[0;39m &amp#27;[35m93405&amp#27;[0;39m &amp#27;[2m---&amp#27;[0;39m &amp#27;[2m[ntainer#0-0-C-1]&amp#27;[0;39m &amp#27;[2m&amp#27;[0;39m&amp#27;[36mo.a.k.c.c.internals.ConsumerCoordinator &amp#27;[0;39m &amp#27;[2m:&amp#27;[0;39m [Consumer clientId=consumer-my_consumer-1, groupId=my_consumer] (Re-)joining group
&amp#27;[2m2024-05-11T14:04:40.916+05:00&amp#27;[0;39m &amp#27;[32m INFO&amp#27;[0;39m &amp#27;[35m93405&amp#27;[0;39m &amp#27;[2m---&amp#27;[0;39m &amp#27;[2m[ntainer#0-0-C-1]&amp#27;[0;39m &amp#27;[2m&amp#27;[0;39m&amp#27;[36mo.a.k.c.c.internals.ConsumerCoordinator &amp#27;[0;39m &amp#27;[2m:&amp#27;[0;39m [Consumer clientId=consumer-my_consumer-1, groupId=my_consumer] Successfully joined group with generation Generation{generationId=8, memberId='consumer-my_consumer-1-37fe66c3-1d4d-4f46-ba01-2858366c5256', protocol='range'}
&amp#27;[2m2024-05-11T14:04:40.922+05:00&amp#27;[0;39m &amp#27;[32m INFO&amp#27;[0;39m &amp#27;[35m93405&amp#27;[0;39m &amp#27;[2m---&amp#27;[0;39m &amp#27;[2m[ntainer#0-0-C-1]&amp#27;[0;39m &amp#27;[2m&amp#27;[0;39m&amp#27;[36mo.a.k.c.c.internals.ConsumerCoordinator &amp#27;[0;39m &amp#27;[2m:&amp#27;[0;39m [Consumer clientId=consumer-my_consumer-1, groupId=my_consumer] Finished assignment for group at generation 8: {consumer-my_consumer-1-37fe66c3-1d4d-4f46-ba01-2858366c5256=Assignment(partitions=[test-0, test-1, test-2, test-3])}
&amp#27;[2m2024-05-11T14:04:40.967+05:00&amp#27;[0;39m &amp#27;[32m INFO&amp#27;[0;39m &amp#27;[35m93405&amp#27;[0;39m &amp#27;[2m---&amp#27;[0;39m &amp#27;[2m[ntainer#0-0-C-1]&amp#27;[0;39m &amp#27;[2m&amp#27;[0;39m&amp#27;[36mo.a.k.c.c.internals.ConsumerCoordinator &amp#27;[0;39m &amp#27;[2m:&amp#27;[0;39m [Consumer clientId=consumer-my_consumer-1, groupId=my_consumer] Successfully synced group in generation Generation{generationId=8, memberId='consumer-my_consumer-1-37fe66c3-1d4d-4f46-ba01-2858366c5256', protocol='range'}
&amp#27;[2m2024-05-11T14:04:40.968+05:00&amp#27;[0;39m &amp#27;[32m INFO&amp#27;[0;39m &amp#27;[35m93405&amp#27;[0;39m &amp#27;[2m---&amp#27;[0;39m &amp#27;[2m[ntainer#0-0-C-1]&amp#27;[0;39m &amp#27;[2m&amp#27;[0;39m&amp#27;[36mo.a.k.c.c.internals.ConsumerCoordinator &amp#27;[0;39m &amp#27;[2m:&amp#27;[0;39m [Consumer clientId=consumer-my_consumer-1, groupId=my_consumer] Notifying assignor about the new Assignment(partitions=[test-0, test-1, test-2, test-3])
&amp#27;[2m2024-05-11T14:04:40.969+05:00&amp#27;[0;39m &amp#27;[32m INFO&amp#27;[0;39m &amp#27;[35m93405&amp#27;[0;39m &amp#27;[2m---&amp#27;[0;39m &amp#27;[2m[ntainer#0-0-C-1]&amp#27;[0;39m &amp#27;[2m&amp#27;[0;39m&amp#27;[36mo.a.k.c.c.internals.ConsumerCoordinator &amp#27;[0;39m &amp#27;[2m:&amp#27;[0;39m [Consumer clientId=consumer-my_consumer-1, groupId=my_consumer] Adding newly assigned partitions: test-0, test-1, test-2, test-3
&amp#27;[2m2024-05-11T14:04:40.981+05:00&amp#27;[0;39m &amp#27;[32m INFO&amp#27;[0;39m &amp#27;[35m93405&amp#27;[0;39m &amp#27;[2m---&amp#27;[0;39m &amp#27;[2m[ntainer#0-0-C-1]&amp#27;[0;39m &amp#27;[2m&amp#27;[0;39m&amp#27;[36mo.a.k.c.c.internals.ConsumerCoordinator &amp#27;[0;39m &amp#27;[2m:&amp#27;[0;39m [Consumer clientId=consumer-my_consumer-1, groupId=my_consumer] Setting offset for partition test-1 to the committed offset FetchPosition{offset=2, offsetEpoch=Optional.empty, currentLeader=LeaderAndEpoch{leader=Optional[192.168.0.5:9092 (id: 0 rack: null)], epoch=0}}
&amp#27;[2m2024-05-11T14:04:40.981+05:00&amp#27;[0;39m &amp#27;[32m INFO&amp#27;[0;39m &amp#27;[35m93405&amp#27;[0;39m &amp#27;[2m---&amp#27;[0;39m &amp#27;[2m[ntainer#0-0-C-1]&amp#27;[0;39m &amp#27;[2m&amp#27;[0;39m&amp#27;[36mo.a.k.c.c.internals.ConsumerCoordinator &amp#27;[0;39m &amp#27;[2m:&amp#27;[0;39m [Consumer clientId=consumer-my_consumer-1, groupId=my_consumer] Setting offset for partition test-0 to the committed offset FetchPosition{offset=1, offsetEpoch=Optional.empty, currentLeader=LeaderAndEpoch{leader=Optional[192.168.0.5:9092 (id: 0 rack: null)], epoch=0}}
&amp#27;[2m2024-05-11T14:04:40.981+05:00&amp#27;[0;39m &amp#27;[32m INFO&amp#27;[0;39m &amp#27;[35m93405&amp#27;[0;39m &amp#27;[2m---&amp#27;[0;39m &amp#27;[2m[ntainer#0-0-C-1]&amp#27;[0;39m &amp#27;[2m&amp#27;[0;39m&amp#27;[36mo.a.k.c.c.internals.ConsumerCoordinator &amp#27;[0;39m &amp#27;[2m:&amp#27;[0;39m [Consumer clientId=consumer-my_consumer-1, groupId=my_consumer] Setting offset for partition test-3 to the committed offset FetchPosition{offset=0, offsetEpoch=Optional.empty, currentLeader=LeaderAndEpoch{leader=Optional[192.168.0.5:9092 (id: 0 rack: null)], epoch=0}}
&amp#27;[2m2024-05-11T14:04:40.981+05:00&amp#27;[0;39m &amp#27;[32m INFO&amp#27;[0;39m &amp#27;[35m93405&amp#27;[0;39m &amp#27;[2m---&amp#27;[0;39m &amp#27;[2m[ntainer#0-0-C-1]&amp#27;[0;39m &amp#27;[2m&amp#27;[0;39m&amp#27;[36mo.a.k.c.c.internals.ConsumerCoordinator &amp#27;[0;39m &amp#27;[2m:&amp#27;[0;39m [Consumer clientId=consumer-my_consumer-1, groupId=my_consumer] Setting offset for partition test-2 to the committed offset FetchPosition{offset=0, offsetEpoch=Optional.empty, currentLeader=LeaderAndEpoch{leader=Optional[192.168.0.5:9092 (id: 0 rack: null)], epoch=0}}
&amp#27;[2m2024-05-11T14:04:40.982+05:00&amp#27;[0;39m &amp#27;[32m INFO&amp#27;[0;39m &amp#27;[35m93405&amp#27;[0;39m &amp#27;[2m---&amp#27;[0;39m &amp#27;[2m[ntainer#0-0-C-1]&amp#27;[0;39m &amp#27;[2m&amp#27;[0;39m&amp#27;[36mo.s.k.l.KafkaMessageListenerContainer   &amp#27;[0;39m &amp#27;[2m:&amp#27;[0;39m my_consumer: partitions assigned: [test-0, test-1, test-2, test-3]
]]></system-out>
    <system-err><![CDATA[WARNING: A Java agent has been loaded dynamically (/Users/Nikolai/.m2/repository/net/bytebuddy/byte-buddy-agent/1.14.13/byte-buddy-agent-1.14.13.jar)
WARNING: If a serviceability tool is in use, please run with -XX:+EnableDynamicAgentLoading to hide this warning
WARNING: If a serviceability tool is not in use, please run with -Djdk.instrument.traceUsage for more information
WARNING: Dynamic loading of agents will be disallowed by default in a future release
]]></system-err>
  </testcase>
</testsuite>